<?xml version="1.0" encoding="UTF-8"?>
<robot generator="Robot 3.1.2 (Python 3.8.0 on win32)" generated="20191120 13:18:13.992" rpa="false">
<suite id="s1" name="FirstScript" source="C:\Users\Krishna.Nagareddy\eclipse-workspace\FirstScript">
<suite id="s1-s1" name="Test" source="C:\Users\Krishna.Nagareddy\eclipse-workspace\FirstScript\Test">
<suite id="s1-s1-s1" name="Practise" source="C:\Users\Krishna.Nagareddy\eclipse-workspace\FirstScript\Test\Practise.robot">
<test id="s1-s1-s1-t1" name="List Webelements">
<kw name="Open Browser" library="SeleniumLibrary">
<doc>Opens a new browser instance to the optional ``url``.</doc>
<arguments>
<arg>http://shop.demoqa.com/</arg>
<arg>Firefox</arg>
</arguments>
<msg timestamp="20191120 13:18:14.367" level="INFO">Opening browser 'Firefox' to base url 'http://shop.demoqa.com/'.</msg>
<msg timestamp="20191120 13:18:14.379" level="INFO">Firefox driver log is always forced to to: C:\Users\Krishna.Nagareddy\eclipse-workspace\FirstScript\geckodriver-45.log</msg>
<status status="PASS" starttime="20191120 13:18:14.366" endtime="20191120 13:18:36.769"></status>
</kw>
<kw name="Set Browser Implicit Wait" library="SeleniumLibrary">
<doc>Sets the implicit wait value used by Selenium.</doc>
<arguments>
<arg>10</arg>
</arguments>
<status status="PASS" starttime="20191120 13:18:36.772" endtime="20191120 13:18:36.810"></status>
</kw>
<kw name="Maximize Browser Window" library="SeleniumLibrary">
<doc>Maximizes current browser window.</doc>
<status status="PASS" starttime="20191120 13:18:36.812" endtime="20191120 13:18:36.834"></status>
</kw>
<kw name="Set Focus To Element" library="SeleniumLibrary">
<doc>Sets the focus to the element identified by ``locator``.</doc>
<arguments>
<arg>xpath=//*[@id="noo-site"]/div[2]/div[3]/div/div[2]/div/div/div/div[2]/div[2]/div[1]/div/h3/a</arg>
</arguments>
<status status="PASS" starttime="20191120 13:18:36.835" endtime="20191120 13:18:36.901"></status>
</kw>
<kw name="Get WebElements" library="SeleniumLibrary">
<doc>Returns a list of WebElement objects matching the ``locator``.</doc>
<arguments>
<arg>//*[@id="noo-site"]/div[2]/div[3]/div/div[2]/div/div/div/div[2]/div[2]/div[*]/div/h3/a</arg>
</arguments>
<assign>
<var>${elements}</var>
</assign>
<msg timestamp="20191120 13:18:36.923" level="INFO">${elements} = [&lt;selenium.webdriver.firefox.webelement.FirefoxWebElement (session="d26e4599-a754-4b95-ad9a-2d558ad6b510", element="4af5a1de-c399-44d6-b499-ffd469790128")&gt;, &lt;selenium.webdriver.firefox.webelement.Fire...</msg>
<status status="PASS" starttime="20191120 13:18:36.901" endtime="20191120 13:18:36.924"></status>
</kw>
<kw name="Get Length" library="BuiltIn">
<doc>Returns and logs the length of the given item as an integer.</doc>
<arguments>
<arg>${elements}</arg>
</arguments>
<assign>
<var>${Size}</var>
</assign>
<msg timestamp="20191120 13:18:36.926" level="INFO">Length is 3</msg>
<msg timestamp="20191120 13:18:36.926" level="INFO">${Size} = 3</msg>
<status status="PASS" starttime="20191120 13:18:36.925" endtime="20191120 13:18:36.927"></status>
</kw>
<kw name="Log To Console" library="BuiltIn">
<doc>Logs the given message to the console.</doc>
<arguments>
<arg>${Size}</arg>
</arguments>
<status status="PASS" starttime="20191120 13:18:36.927" endtime="20191120 13:18:36.928"></status>
</kw>
<kw name="${element} IN [ @{elements} ]" type="for">
<kw name="${element} = &lt;selenium.webdriver.firefox.webelement.FirefoxWebElement (session=&quot;d26e4599-a754-4b95-ad9a-2d558ad6b510&quot;, element=&quot;4af5a1de-c399-44d6-b499-ffd469790128&quot;)&gt;" type="foritem">
<kw name="Get Text" library="SeleniumLibrary">
<doc>Returns the text value of the element identified by ``locator``.</doc>
<arguments>
<arg>${element}</arg>
</arguments>
<assign>
<var>${text}</var>
</assign>
<msg timestamp="20191120 13:18:36.947" level="INFO">${text} = PINK DROP SHOULDER OVERSIZED T SHIRT</msg>
<status status="PASS" starttime="20191120 13:18:36.929" endtime="20191120 13:18:36.947"></status>
</kw>
<kw name="Log To Console" library="BuiltIn">
<doc>Logs the given message to the console.</doc>
<arguments>
<arg>${text}</arg>
</arguments>
<status status="PASS" starttime="20191120 13:18:36.947" endtime="20191120 13:18:36.948"></status>
</kw>
<kw name="Run Keyword If" library="BuiltIn">
<doc>Runs the given keyword with the given arguments, if ``condition`` is true.</doc>
<arguments>
<arg>'${text}' == 'PLAYBOY X MISSGUIDED PLUS SIZE GREY LIPS PRINT FRONT CROPPED T SHIRT'</arg>
<arg>Click Element</arg>
<arg>${element}</arg>
</arguments>
<status status="PASS" starttime="20191120 13:18:36.948" endtime="20191120 13:18:36.949"></status>
</kw>
<kw name="Exit For Loop If" library="BuiltIn">
<doc>Stops executing the enclosing for loop if the ``condition`` is true.</doc>
<arguments>
<arg>'${text}' == 'PLAYBOY X MISSGUIDED PLUS SIZE GREY LIPS PRINT FRONT CROPPED T SHIRT'</arg>
</arguments>
<status status="PASS" starttime="20191120 13:18:36.949" endtime="20191120 13:18:36.949"></status>
</kw>
<status status="PASS" starttime="20191120 13:18:36.929" endtime="20191120 13:18:36.950"></status>
</kw>
<kw name="${element} = &lt;selenium.webdriver.firefox.webelement.FirefoxWebElement (session=&quot;d26e4599-a754-4b95-ad9a-2d558ad6b510&quot;, element=&quot;040859cd-9d62-4740-86a4-fb7b76e06eb0&quot;)&gt;" type="foritem">
<kw name="Get Text" library="SeleniumLibrary">
<doc>Returns the text value of the element identified by ``locator``.</doc>
<arguments>
<arg>${element}</arg>
</arguments>
<assign>
<var>${text}</var>
</assign>
<msg timestamp="20191120 13:18:36.960" level="INFO">${text} = PLAYBOY X MISSGUIDED PLUS SIZE GREY LIPS PRINT FRONT CROPPED T SHIRT</msg>
<status status="PASS" starttime="20191120 13:18:36.950" endtime="20191120 13:18:36.960"></status>
</kw>
<kw name="Log To Console" library="BuiltIn">
<doc>Logs the given message to the console.</doc>
<arguments>
<arg>${text}</arg>
</arguments>
<status status="PASS" starttime="20191120 13:18:36.961" endtime="20191120 13:18:36.961"></status>
</kw>
<kw name="Run Keyword If" library="BuiltIn">
<doc>Runs the given keyword with the given arguments, if ``condition`` is true.</doc>
<arguments>
<arg>'${text}' == 'PLAYBOY X MISSGUIDED PLUS SIZE GREY LIPS PRINT FRONT CROPPED T SHIRT'</arg>
<arg>Click Element</arg>
<arg>${element}</arg>
</arguments>
<kw name="Click Element" library="SeleniumLibrary">
<doc>Click the element identified by ``locator``.</doc>
<arguments>
<arg>${element}</arg>
</arguments>
<msg timestamp="20191120 13:18:36.962" level="INFO">Clicking element '&lt;selenium.webdriver.firefox.webelement.FirefoxWebElement (session="d26e4599-a754-4b95-ad9a-2d558ad6b510", element="040859cd-9d62-4740-86a4-fb7b76e06eb0")&gt;'.</msg>
<status status="PASS" starttime="20191120 13:18:36.962" endtime="20191120 13:18:41.795"></status>
</kw>
<status status="PASS" starttime="20191120 13:18:36.962" endtime="20191120 13:18:41.795"></status>
</kw>
<kw name="Exit For Loop If" library="BuiltIn">
<doc>Stops executing the enclosing for loop if the ``condition`` is true.</doc>
<arguments>
<arg>'${text}' == 'PLAYBOY X MISSGUIDED PLUS SIZE GREY LIPS PRINT FRONT CROPPED T SHIRT'</arg>
</arguments>
<msg timestamp="20191120 13:18:41.797" level="INFO">Exiting for loop altogether.</msg>
<status status="PASS" starttime="20191120 13:18:41.796" endtime="20191120 13:18:41.797"></status>
</kw>
<status status="PASS" starttime="20191120 13:18:36.950" endtime="20191120 13:18:41.797"></status>
</kw>
<status status="PASS" starttime="20191120 13:18:36.928" endtime="20191120 13:18:41.797"></status>
</kw>
<kw name="Set Focus To Element" library="SeleniumLibrary">
<doc>Sets the focus to the element identified by ``locator``.</doc>
<arguments>
<arg>id=pa_color</arg>
</arguments>
<status status="PASS" starttime="20191120 13:18:41.798" endtime="20191120 13:18:41.820"></status>
</kw>
<kw name="Select From List By Label" library="SeleniumLibrary">
<doc>Selects options from selection list ``locator`` by ``labels``.</doc>
<arguments>
<arg>id=pa_color</arg>
<arg>Grey</arg>
</arguments>
<msg timestamp="20191120 13:18:41.822" level="INFO">Selecting options from selection list 'id=pa_color' by label Grey.</msg>
<status status="PASS" starttime="20191120 13:18:41.821" endtime="20191120 13:18:42.149"></status>
</kw>
<kw name="Set Focus To Element" library="SeleniumLibrary">
<doc>Sets the focus to the element identified by ``locator``.</doc>
<arguments>
<arg>id=pa_size</arg>
</arguments>
<status status="PASS" starttime="20191120 13:18:42.150" endtime="20191120 13:18:42.185"></status>
</kw>
<kw name="Select From List By Label" library="SeleniumLibrary">
<doc>Selects options from selection list ``locator`` by ``labels``.</doc>
<arguments>
<arg>id=pa_size</arg>
<arg>42</arg>
</arguments>
<msg timestamp="20191120 13:18:42.187" level="INFO">Selecting options from selection list 'id=pa_size' by label 42.</msg>
<status status="PASS" starttime="20191120 13:18:42.186" endtime="20191120 13:18:42.497"></status>
</kw>
<kw name="Set Focus To Element" library="SeleniumLibrary">
<doc>Sets the focus to the element identified by ``locator``.</doc>
<arguments>
<arg>xpath=//button[@class='single_add_to_cart_button button alt']</arg>
</arguments>
<status status="PASS" starttime="20191120 13:18:42.499" endtime="20191120 13:18:42.538"></status>
</kw>
<kw name="Click Element" library="SeleniumLibrary">
<doc>Click the element identified by ``locator``.</doc>
<arguments>
<arg>xpath=//button[@class='single_add_to_cart_button button alt']</arg>
</arguments>
<msg timestamp="20191120 13:18:42.541" level="INFO">Clicking element 'xpath=//button[@class='single_add_to_cart_button button alt']'.</msg>
<status status="PASS" starttime="20191120 13:18:42.539" endtime="20191120 13:18:45.818"></status>
</kw>
<kw name="Click Element" library="SeleniumLibrary">
<doc>Click the element identified by ``locator``.</doc>
<arguments>
<arg>xpath=//i[@class='icon_bag_alt']</arg>
</arguments>
<msg timestamp="20191120 13:18:45.826" level="INFO">Clicking element 'xpath=//i[@class='icon_bag_alt']'.</msg>
<status status="PASS" starttime="20191120 13:18:45.821" endtime="20191120 13:18:49.151"></status>
</kw>
<kw name="Set Focus To Element" library="SeleniumLibrary">
<doc>Sets the focus to the element identified by ``locator``.</doc>
<arguments>
<arg>xpath=//a[contains(@class,'checkout-button button alt wc-forward')]</arg>
</arguments>
<status status="PASS" starttime="20191120 13:18:49.152" endtime="20191120 13:18:49.177"></status>
</kw>
<kw name="Click Element" library="SeleniumLibrary">
<doc>Click the element identified by ``locator``.</doc>
<arguments>
<arg>xpath=//a[contains(@class,'checkout-button button alt wc-forward')]</arg>
</arguments>
<msg timestamp="20191120 13:18:49.179" level="INFO">Clicking element 'xpath=//a[contains(@class,'checkout-button button alt wc-forward')]'.</msg>
<status status="PASS" starttime="20191120 13:18:49.178" endtime="20191120 13:18:51.476"></status>
</kw>
<kw name="Set Focus To Element" library="SeleniumLibrary">
<doc>Sets the focus to the element identified by ``locator``.</doc>
<arguments>
<arg>id=billing_first_name</arg>
</arguments>
<status status="PASS" starttime="20191120 13:18:51.477" endtime="20191120 13:18:51.496"></status>
</kw>
<kw name="Input Text" library="SeleniumLibrary">
<doc>Types the given ``text`` into the text field identified by ``locator``.</doc>
<arguments>
<arg>id=billing_first_name</arg>
<arg>krishna</arg>
</arguments>
<msg timestamp="20191120 13:18:51.497" level="INFO">Typing text 'krishna' into text field 'id=billing_first_name'.</msg>
<status status="PASS" starttime="20191120 13:18:51.497" endtime="20191120 13:18:51.546"></status>
</kw>
<kw name="Set Focus To Element" library="SeleniumLibrary">
<doc>Sets the focus to the element identified by ``locator``.</doc>
<arguments>
<arg>id=billing_last_name</arg>
</arguments>
<status status="PASS" starttime="20191120 13:18:51.546" endtime="20191120 13:18:51.564"></status>
</kw>
<kw name="Input Text" library="SeleniumLibrary">
<doc>Types the given ``text`` into the text field identified by ``locator``.</doc>
<arguments>
<arg>id=billing_last_name</arg>
<arg>valmiki</arg>
</arguments>
<msg timestamp="20191120 13:18:51.565" level="INFO">Typing text 'valmiki' into text field 'id=billing_last_name'.</msg>
<status status="PASS" starttime="20191120 13:18:51.565" endtime="20191120 13:18:51.600"></status>
</kw>
<kw name="Set Focus To Element" library="SeleniumLibrary">
<doc>Sets the focus to the element identified by ``locator``.</doc>
<arguments>
<arg>id=billing_address_1</arg>
</arguments>
<status status="PASS" starttime="20191120 13:18:51.600" endtime="20191120 13:18:51.618"></status>
</kw>
<kw name="Input Text" library="SeleniumLibrary">
<doc>Types the given ``text`` into the text field identified by ``locator``.</doc>
<arguments>
<arg>id=billing_address_1</arg>
<arg>Test</arg>
</arguments>
<msg timestamp="20191120 13:18:51.619" level="INFO">Typing text 'Test' into text field 'id=billing_address_1'.</msg>
<status status="PASS" starttime="20191120 13:18:51.618" endtime="20191120 13:18:51.652"></status>
</kw>
<kw name="Set Focus To Element" library="SeleniumLibrary">
<doc>Sets the focus to the element identified by ``locator``.</doc>
<arguments>
<arg>id=billing_address_2</arg>
</arguments>
<status status="PASS" starttime="20191120 13:18:51.652" endtime="20191120 13:18:51.671"></status>
</kw>
<kw name="Input Text" library="SeleniumLibrary">
<doc>Types the given ``text`` into the text field identified by ``locator``.</doc>
<arguments>
<arg>id=billing_address_2</arg>
<arg>Test</arg>
</arguments>
<msg timestamp="20191120 13:18:51.672" level="INFO">Typing text 'Test' into text field 'id=billing_address_2'.</msg>
<status status="PASS" starttime="20191120 13:18:51.672" endtime="20191120 13:18:51.698"></status>
</kw>
<kw name="Set Focus To Element" library="SeleniumLibrary">
<doc>Sets the focus to the element identified by ``locator``.</doc>
<arguments>
<arg>id=billing_city</arg>
</arguments>
<status status="PASS" starttime="20191120 13:18:51.699" endtime="20191120 13:18:51.718"></status>
</kw>
<kw name="Input Text" library="SeleniumLibrary">
<doc>Types the given ``text`` into the text field identified by ``locator``.</doc>
<arguments>
<arg>id=billing_city</arg>
<arg>Mumbai</arg>
</arguments>
<msg timestamp="20191120 13:18:51.719" level="INFO">Typing text 'Mumbai' into text field 'id=billing_city'.</msg>
<status status="PASS" starttime="20191120 13:18:51.719" endtime="20191120 13:18:51.753"></status>
</kw>
<kw name="Click Element" library="SeleniumLibrary">
<doc>Click the element identified by ``locator``.</doc>
<arguments>
<arg>id=select2-billing_state-container</arg>
</arguments>
<msg timestamp="20191120 13:18:51.754" level="INFO">Clicking element 'id=select2-billing_state-container'.</msg>
<status status="PASS" starttime="20191120 13:18:51.754" endtime="20191120 13:18:52.002"></status>
</kw>
<kw name="Input Text" library="SeleniumLibrary">
<doc>Types the given ``text`` into the text field identified by ``locator``.</doc>
<arguments>
<arg>xpath=//input[@class='select2-search__field']</arg>
<arg>Maharashtra</arg>
</arguments>
<msg timestamp="20191120 13:18:52.005" level="INFO">Typing text 'Maharashtra' into text field 'xpath=//input[@class='select2-search__field']'.</msg>
<status status="PASS" starttime="20191120 13:18:52.003" endtime="20191120 13:18:52.193"></status>
</kw>
<kw name="Press Keys" library="SeleniumLibrary">
<doc>Simulates the user pressing key(s) to an element or on the active browser.</doc>
<arguments>
<arg>xpath=//input[@class='select2-search__field']</arg>
<arg>ENTER</arg>
</arguments>
<msg timestamp="20191120 13:18:52.195" level="INFO">Sending key(s) ('ENTER',) to xpath=//input[@class='select2-search__field'] element.</msg>
<msg timestamp="20191120 13:18:52.201" level="INFO">Pressing special key ENTER to element.</msg>
<status status="PASS" starttime="20191120 13:18:52.194" endtime="20191120 13:18:52.524"></status>
</kw>
<kw name="Sleep" library="BuiltIn">
<doc>Pauses the test executed for the given time.</doc>
<arguments>
<arg>5</arg>
</arguments>
<msg timestamp="20191120 13:18:57.527" level="INFO">Slept 5 seconds</msg>
<status status="PASS" starttime="20191120 13:18:52.525" endtime="20191120 13:18:57.529"></status>
</kw>
<kw name="Set Focus To Element" library="SeleniumLibrary">
<doc>Sets the focus to the element identified by ``locator``.</doc>
<arguments>
<arg>id=terms</arg>
</arguments>
<status status="PASS" starttime="20191120 13:18:57.530" endtime="20191120 13:18:57.569"></status>
</kw>
<kw name="Select Checkbox" library="SeleniumLibrary">
<doc>Selects the checkbox identified by ``locator``.</doc>
<arguments>
<arg>id=terms</arg>
</arguments>
<msg timestamp="20191120 13:18:57.573" level="INFO">Selecting checkbox 'id=terms'.</msg>
<status status="PASS" starttime="20191120 13:18:57.571" endtime="20191120 13:18:57.852"></status>
</kw>
<kw name="Set Focus To Element" library="SeleniumLibrary">
<doc>Sets the focus to the element identified by ``locator``.</doc>
<arguments>
<arg>id=billing_postcode</arg>
</arguments>
<status status="PASS" starttime="20191120 13:18:57.853" endtime="20191120 13:18:57.898"></status>
</kw>
<kw name="Input Text" library="SeleniumLibrary">
<doc>Types the given ``text`` into the text field identified by ``locator``.</doc>
<arguments>
<arg>id=billing_postcode</arg>
<arg>123456</arg>
</arguments>
<msg timestamp="20191120 13:18:57.903" level="INFO">Typing text '123456' into text field 'id=billing_postcode'.</msg>
<status status="PASS" starttime="20191120 13:18:57.901" endtime="20191120 13:18:57.946"></status>
</kw>
<kw name="Set Focus To Element" library="SeleniumLibrary">
<doc>Sets the focus to the element identified by ``locator``.</doc>
<arguments>
<arg>id=billing_phone</arg>
</arguments>
<status status="PASS" starttime="20191120 13:18:57.947" endtime="20191120 13:18:57.970"></status>
</kw>
<kw name="Input Text" library="SeleniumLibrary">
<doc>Types the given ``text`` into the text field identified by ``locator``.</doc>
<arguments>
<arg>id=billing_phone</arg>
<arg>123456</arg>
</arguments>
<msg timestamp="20191120 13:18:57.971" level="INFO">Typing text '123456' into text field 'id=billing_phone'.</msg>
<status status="PASS" starttime="20191120 13:18:57.971" endtime="20191120 13:18:58.019"></status>
</kw>
<kw name="Set Focus To Element" library="SeleniumLibrary">
<doc>Sets the focus to the element identified by ``locator``.</doc>
<arguments>
<arg>id=billing_email</arg>
</arguments>
<status status="PASS" starttime="20191120 13:18:58.020" endtime="20191120 13:18:58.037"></status>
</kw>
<kw name="Input Text" library="SeleniumLibrary">
<doc>Types the given ``text`` into the text field identified by ``locator``.</doc>
<arguments>
<arg>id=billing_email</arg>
<arg>test@test.com</arg>
</arguments>
<msg timestamp="20191120 13:18:58.039" level="INFO">Typing text 'test@test.com' into text field 'id=billing_email'.</msg>
<status status="PASS" starttime="20191120 13:18:58.038" endtime="20191120 13:18:58.084"></status>
</kw>
<kw name="Sleep" library="BuiltIn">
<doc>Pauses the test executed for the given time.</doc>
<arguments>
<arg>5</arg>
</arguments>
<msg timestamp="20191120 13:19:03.086" level="INFO">Slept 5 seconds</msg>
<status status="PASS" starttime="20191120 13:18:58.086" endtime="20191120 13:19:03.086"></status>
</kw>
<kw name="Click Element" library="SeleniumLibrary">
<doc>Click the element identified by ``locator``.</doc>
<arguments>
<arg>xpath=//button[@id='place_order']</arg>
</arguments>
<msg timestamp="20191120 13:19:03.092" level="INFO">Clicking element 'xpath=//button[@id='place_order']'.</msg>
<status status="PASS" starttime="20191120 13:19:03.088" endtime="20191120 13:19:03.369"></status>
</kw>
<status status="PASS" starttime="20191120 13:18:14.364" endtime="20191120 13:19:03.370" critical="yes"></status>
</test>
<status status="PASS" starttime="20191120 13:18:14.111" endtime="20191120 13:19:03.376"></status>
</suite>
<status status="PASS" starttime="20191120 13:18:14.105" endtime="20191120 13:19:03.386"></status>
</suite>
<status status="PASS" starttime="20191120 13:18:14.073" endtime="20191120 13:19:03.395"></status>
</suite>
<statistics>
<total>
<stat pass="1" fail="0">Critical Tests</stat>
<stat pass="1" fail="0">All Tests</stat>
</total>
<tag>
</tag>
<suite>
<stat pass="1" fail="0" id="s1" name="FirstScript">FirstScript</stat>
<stat pass="1" fail="0" id="s1-s1" name="Test">FirstScript.Test</stat>
<stat pass="1" fail="0" id="s1-s1-s1" name="Practise">FirstScript.Test.Practise</stat>
</suite>
</statistics>
<errors>
</errors>
</robot>
