<?xml version="1.0" encoding="UTF-8"?>
<robot generator="Robot 3.1.2 (Python 3.8.0 on win32)" generated="20191118 12:11:30.698" rpa="false">
<suite id="s1" name="Automation" source="C:\Users\Krishna.Nagareddy\eclipse-workspace\Automation">
<suite id="s1-s1" name="TestCases" source="C:\Users\Krishna.Nagareddy\eclipse-workspace\Automation\TestCases">
<suite id="s1-s1-s1" name="LoginTest" source="C:\Users\Krishna.Nagareddy\eclipse-workspace\Automation\TestCases\LoginTest.robot">
<test id="s1-s1-s1-t1" name="LoginTest">
<kw name="Open Browser to the Login Page" library="LoginKeywords">
<arguments>
<arg>${SiteUrl}</arg>
<arg>${Browser}</arg>
<arg>${Delay}</arg>
</arguments>
<kw name="Open Browser" library="SeleniumLibrary">
<doc>Opens a new browser instance to the optional ``url``.</doc>
<arguments>
<arg>${SiteUrl}</arg>
<arg>${Browser}</arg>
</arguments>
<msg timestamp="20191118 12:11:30.958" level="INFO">Opening browser 'Firefox' to base url 'https://resourcelinkqa.ngahr.com/QA2/aurora/login/index.html'.</msg>
<msg timestamp="20191118 12:11:30.960" level="INFO">Firefox driver log is always forced to to: C:\Users\Krishna.Nagareddy\eclipse-workspace\Automation\geckodriver-1.log</msg>
<status status="PASS" starttime="20191118 12:11:30.958" endtime="20191118 12:11:53.348"></status>
</kw>
<kw name="Maximize Browser Window" library="SeleniumLibrary">
<doc>Maximizes current browser window.</doc>
<status status="PASS" starttime="20191118 12:11:53.349" endtime="20191118 12:11:53.360"></status>
</kw>
<kw name="Set Browser Implicit Wait" library="SeleniumLibrary">
<doc>Sets the implicit wait value used by Selenium.</doc>
<arguments>
<arg>${Delay}</arg>
</arguments>
<status status="PASS" starttime="20191118 12:11:53.361" endtime="20191118 12:11:53.371"></status>
</kw>
<status status="PASS" starttime="20191118 12:11:30.957" endtime="20191118 12:11:53.372"></status>
</kw>
<kw name="Enter User Name" library="LoginKeywords">
<arguments>
<arg>${Username}</arg>
</arguments>
<kw name="Element Should Be Enabled" library="SeleniumLibrary">
<doc>Verifies that element identified by ``locator`` is enabled.</doc>
<arguments>
<arg>${txt_loginUserName}</arg>
</arguments>
<status status="PASS" starttime="20191118 12:11:53.374" endtime="20191118 12:11:53.801"></status>
</kw>
<kw name="Input Text" library="SeleniumLibrary">
<doc>Types the given ``text`` into the text field identified by ``locator``.</doc>
<arguments>
<arg>${txt_loginUserName}</arg>
<arg>${Username}</arg>
</arguments>
<msg timestamp="20191118 12:11:53.802" level="INFO">Typing text 'KRISHNA18' into text field 'id:j_username'.</msg>
<status status="PASS" starttime="20191118 12:11:53.802" endtime="20191118 12:11:54.179"></status>
</kw>
<status status="PASS" starttime="20191118 12:11:53.372" endtime="20191118 12:11:54.182"></status>
</kw>
<kw name="Enter Password" library="LoginKeywords">
<arguments>
<arg>${Password}</arg>
</arguments>
<kw name="Element Should Be Enabled" library="SeleniumLibrary">
<doc>Verifies that element identified by ``locator`` is enabled.</doc>
<arguments>
<arg>${txt_loginPassword}</arg>
</arguments>
<status status="PASS" starttime="20191118 12:11:54.187" endtime="20191118 12:11:54.351"></status>
</kw>
<kw name="Input Password" library="SeleniumLibrary">
<doc>Types the given password into the text field identified by ``locator``.</doc>
<arguments>
<arg>${txt_loginPassword}</arg>
<arg>${Password}</arg>
</arguments>
<msg timestamp="20191118 12:11:54.353" level="INFO">Typing password into text field 'id:j_password'.</msg>
<status status="PASS" starttime="20191118 12:11:54.352" endtime="20191118 12:11:54.431"></status>
</kw>
<status status="PASS" starttime="20191118 12:11:54.184" endtime="20191118 12:11:54.432"></status>
</kw>
<kw name="Click Login" library="LoginKeywords">
<kw name="Click Button" library="SeleniumLibrary">
<doc>Clicks the button identified by ``locator``.</doc>
<arguments>
<arg>${btn_signIn}</arg>
</arguments>
<msg timestamp="20191118 12:11:54.434" level="INFO">Clicking button 'id:doLogin'.</msg>
<status status="PASS" starttime="20191118 12:11:54.433" endtime="20191118 12:12:01.126"></status>
</kw>
<status status="PASS" starttime="20191118 12:11:54.432" endtime="20191118 12:12:01.128"></status>
</kw>
<kw name="Sleep" library="BuiltIn">
<doc>Pauses the test executed for the given time.</doc>
<arguments>
<arg>${Delay}</arg>
</arguments>
<msg timestamp="20191118 12:12:06.132" level="INFO">Slept 5 seconds</msg>
<status status="PASS" starttime="20191118 12:12:01.129" endtime="20191118 12:12:06.133"></status>
</kw>
<kw name="Assert Dashboard Title" library="LoginKeywords">
<arguments>
<arg>${DashboardTitle}</arg>
</arguments>
<kw name="Title Should Be" library="SeleniumLibrary">
<doc>Verifies that the current page title equals ``title``.</doc>
<arguments>
<arg>${DashboardTitle}</arg>
</arguments>
<msg timestamp="20191118 12:12:06.156" level="INFO">Page title is 'ResourceLink'.</msg>
<status status="PASS" starttime="20191118 12:12:06.138" endtime="20191118 12:12:06.158"></status>
</kw>
<status status="PASS" starttime="20191118 12:12:06.134" endtime="20191118 12:12:06.159"></status>
</kw>
<kw name="Click logout" library="LoginKeywords">
<kw name="Click Element" library="SeleniumLibrary">
<doc>Click the element identified by ``locator``.</doc>
<arguments>
<arg>${sign_outicon}</arg>
</arguments>
<msg timestamp="20191118 12:12:06.163" level="INFO">Clicking element 'xpath://i[@class='nga-header__sign-out-icon']'.</msg>
<status status="PASS" starttime="20191118 12:12:06.161" endtime="20191118 12:12:06.280"></status>
</kw>
<status status="PASS" starttime="20191118 12:12:06.160" endtime="20191118 12:12:06.280"></status>
</kw>
<kw name="Close Browser" library="LoginKeywords" type="teardown">
<kw name="Close Browser" library="SeleniumLibrary">
<doc>Closes the current browser.</doc>
<status status="PASS" starttime="20191118 12:12:06.281" endtime="20191118 12:12:10.993"></status>
</kw>
<status status="PASS" starttime="20191118 12:12:06.281" endtime="20191118 12:12:10.994"></status>
</kw>
<status status="PASS" starttime="20191118 12:11:30.956" endtime="20191118 12:12:10.995" critical="yes"></status>
</test>
<status status="PASS" starttime="20191118 12:11:30.769" endtime="20191118 12:12:10.997"></status>
</suite>
<status status="PASS" starttime="20191118 12:11:30.767" endtime="20191118 12:12:11.001"></status>
</suite>
<status status="PASS" starttime="20191118 12:11:30.742" endtime="20191118 12:12:11.006"></status>
</suite>
<statistics>
<total>
<stat pass="1" fail="0">Critical Tests</stat>
<stat pass="1" fail="0">All Tests</stat>
</total>
<tag>
</tag>
<suite>
<stat pass="1" fail="0" id="s1" name="Automation">Automation</stat>
<stat pass="1" fail="0" id="s1-s1" name="TestCases">Automation.TestCases</stat>
<stat pass="1" fail="0" id="s1-s1-s1" name="LoginTest">Automation.TestCases.LoginTest</stat>
</suite>
</statistics>
<errors>
</errors>
</robot>
